Arguments: 
  /home/daniel/.nvm/versions/node/v18.14.2/bin/node /home/daniel/.nvm/versions/node/v18.14.2/bin/yarn add stiumulus

PATH: 
  /home/daniel/.rbenv/shims:/home/daniel/.rbenv/bin:/home/daniel/.nvm/versions/node/v18.14.2/bin:/home/daniel/.fly/bin:/home/linuxbrew/.linuxbrew/bin:/home/linuxbrew/.linuxbrew/sbin:/usr/local/sbin:/usr/local/bin:/usr/sbin:/usr/bin:/sbin:/bin:/usr/games:/usr/local/games:/snap/bin

Yarn version: 
  1.22.19

Node version: 
  18.14.2

Platform: 
  linux x64

Trace: 
  Error: https://registry.yarnpkg.com/stiumulus: Not found
      at params.callback [as _callback] (/home/daniel/.nvm/versions/node/v18.14.2/lib/node_modules/yarn/lib/cli.js:66145:18)
      at self.callback (/home/daniel/.nvm/versions/node/v18.14.2/lib/node_modules/yarn/lib/cli.js:140890:22)
      at Request.emit (node:events:513:28)
      at Request.<anonymous> (/home/daniel/.nvm/versions/node/v18.14.2/lib/node_modules/yarn/lib/cli.js:141862:10)
      at Request.emit (node:events:513:28)
      at IncomingMessage.<anonymous> (/home/daniel/.nvm/versions/node/v18.14.2/lib/node_modules/yarn/lib/cli.js:141784:12)
      at Object.onceWrapper (node:events:627:28)
      at IncomingMessage.emit (node:events:525:35)
      at endReadableNT (node:internal/streams/readable:1359:12)
      at process.processTicksAndRejections (node:internal/process/task_queues:82:21)

npm manifest: 
  {
    "dependencies": {
      "stimulus": "^3.2.1"
    }
  }

yarn manifest: 
  No manifest

Lockfile: 
  # THIS IS AN AUTOGENERATED FILE. DO NOT EDIT THIS FILE DIRECTLY.
  # yarn lockfile v1
  
  
  "@hotwired/stimulus-webpack-helpers@^1.0.0":
    version "1.0.1"
    resolved "https://registry.yarnpkg.com/@hotwired/stimulus-webpack-helpers/-/stimulus-webpack-helpers-1.0.1.tgz#4cd74487adeca576c9865ac2b9fe5cb20cef16dd"
    integrity sha512-wa/zupVG0eWxRYJjC1IiPBdt3Lruv0RqGN+/DTMmUWUyMAEB27KXmVY6a8YpUVTM7QwVuaLNGW4EqDgrS2upXQ==
  
  "@hotwired/stimulus@^3.2.1":
    version "3.2.1"
    resolved "https://registry.yarnpkg.com/@hotwired/stimulus/-/stimulus-3.2.1.tgz#e3de23623b0c52c247aba4cd5d530d257008676b"
    integrity sha512-HGlzDcf9vv/EQrMJ5ZG6VWNs8Z/xMN+1o2OhV1gKiSG6CqZt5MCBB1gRg5ILiN3U0jEAxuDTNPRfBcnZBDmupQ==
  
  stimulus@^3.2.1:
    version "3.2.1"
    resolved "https://registry.yarnpkg.com/stimulus/-/stimulus-3.2.1.tgz#bf049a4379ed4ff7475515acce1f0b6fa15a0187"
    integrity sha512-EhpuHnTwtkWrE5m7tQxLBLsi1aE6xJ/9MbB88aKXZSquIC4pCueKJ2AGaF5gq+/BzP7+xvYaVYA0j1dIUuBsgA==
    dependencies:
      "@hotwired/stimulus" "^3.2.1"
      "@hotwired/stimulus-webpack-helpers" "^1.0.0"
